/bin/rm -f *.o demo
mpicc -O2 -fprotect-parens -std=c99 -openmp -c 3SATSolver.c
icc: command line remark #10411: option '-openmp' is deprecated and will be removed in a future release. Please use the replacement option '-qopenmp'
3SATSolver.c(314): (col. 34) remark: main has been targeted for automatic cpu dispatch
3SATSolver.c(173): (col. 4) remark: solve3SAT has been targeted for automatic cpu dispatch
mpicc -O2 -fprotect-parens -std=c99 -openmp -c ../../../QuEST_v0.9.0/qubits.c
icc: command line remark #10411: option '-openmp' is deprecated and will be removed in a future release. Please use the replacement option '-qopenmp'
../../../QuEST_v0.9.0/qubits.c(385): (col. 1) remark: rotateQubitLocal has been targeted for automatic cpu dispatch
../../../QuEST_v0.9.0/qubits.c(468): (col. 1) remark: rotateQubitDistributed has been targeted for automatic cpu dispatch
../../../QuEST_v0.9.0/qubits.c(526): (col. 1) remark: controlRotateQubitLocal has been targeted for automatic cpu dispatch
../../../QuEST_v0.9.0/qubits.c(625): (col. 1) remark: controlRotateQubitDistributed has been targeted for automatic cpu dispatch
../../../QuEST_v0.9.0/qubits.c(1099): (col. 1) remark: hadamardDistributed has been targeted for automatic cpu dispatch
../../../QuEST_v0.9.0/qubits.c(1237): (col. 1) remark: phaseGateDistributed has been targeted for automatic cpu dispatch
../../../QuEST_v0.9.0/qubits.c(1318): (col. 1) remark: findProbabilityOfZeroLocal has been targeted for automatic cpu dispatch
../../../QuEST_v0.9.0/qubits.c(1397): (col. 1) remark: findProbabilityOfZeroDistributed has been targeted for automatic cpu dispatch
../../../QuEST_v0.9.0/qubits.c(1703): (col. 1) remark: measureInStateDistributedRenorm has been targeted for automatic cpu dispatch
../../../QuEST_v0.9.0/qubits.c(1752): (col. 1) remark: measureInStateDistributedSetZero has been targeted for automatic cpu dispatch
../../../QuEST_v0.9.0/qubits.c(1846): (col. 1) remark: probOfFilterOut111Local has been targeted for automatic cpu dispatch
../../../QuEST_v0.9.0/qubits.c(1893): (col. 59) remark: getProbEl has been targeted for automatic cpu dispatch
../../../QuEST_v0.9.0/qubits.c(290): (col. 1) remark: initStateDebug has been targeted for automatic cpu dispatch
../../../QuEST_v0.9.0/qubits.c(204): (col. 1) remark: initStatePlus has been targeted for automatic cpu dispatch
../../../QuEST_v0.9.0/qubits.c(162): (col. 1) remark: initStateZero has been targeted for automatic cpu dispatch
mpicc -O2 -fprotect-parens -std=c99 -openmp -c 3SATGenerator.c
icc: command line remark #10411: option '-openmp' is deprecated and will be removed in a future release. Please use the replacement option '-qopenmp'
3SATGenerator.c(164): (col. 37) remark: findSingleSolution has been targeted for automatic cpu dispatch
3SATGenerator.c(292): (col. 75) remark: getRandomEquAndSol has been targeted for automatic cpu dispatch
mpicc -O2 -fprotect-parens -std=c99 -openmp -c ../../../QuEST_v0.9.0/qubits_env_mpi.c
icc: command line remark #10411: option '-openmp' is deprecated and will be removed in a future release. Please use the replacement option '-qopenmp'
../../../QuEST_v0.9.0/qubits_env_mpi.c(107): (col. 78) remark: getLargestProbEl has been targeted for automatic cpu dispatch
../../../QuEST_v0.9.0/qubits_env_mpi.c(132): (col. 49) remark: calcTotalProbability has been targeted for automatic cpu dispatch
mpicc -O2 -fprotect-parens -std=c99 -openmp -o demo 3SATSolver.o qubits.o 3SATGenerator.o qubits_env_mpi.o -lm
icc: command line remark #10411: option '-openmp' is deprecated and will be removed in a future release. Please use the replacement option '-qopenmp'
EXECUTION ENVIRONMENT:
Running distributed (MPI) version
Number of ranks is 16
OpenMP enabled
Number of threads available is 16
Precision: size of REAL is 8 bytes
QUBITS:
Number of qubits is 29.
Number of amps is 536870912.
Number of amps per rank is 33554432.
cycle 1/1, theta=0.785398 pi/2


TOTAL TIME = 21.24368 s

EXECUTION ENVIRONMENT:
Running distributed (MPI) version
Number of ranks is 16
OpenMP enabled
Number of threads available is 16
Precision: size of REAL is 8 bytes
QUBITS:
Number of qubits is 29.
Number of amps is 536870912.
Number of amps per rank is 33554432.
cycle 1/1, theta=0.785398 pi/2


TOTAL TIME = 17.32794 s

EXECUTION ENVIRONMENT:
Running distributed (MPI) version
Number of ranks is 16
OpenMP enabled
Number of threads available is 16
Precision: size of REAL is 8 bytes
QUBITS:
Number of qubits is 29.
Number of amps is 536870912.
Number of amps per rank is 33554432.
cycle 1/1, theta=0.785398 pi/2


TOTAL TIME = 17.27869 s

local: 663, dist: 30
local: 663, dist: 30
local: 663, dist: 30
local: 663, dist: 30
local: 663, dist: 30
local: 663, dist: 30
reached local: 663, dist: 30
local: 663, dist: 30
local: 663, dist: 30
local: 663, dist: 30
local: 663, dist: 30
local: 663, dist: 30
local: 663, dist: 30
local: 663, dist: 30
local: 663, dist: 30
local: 663, dist: 30
11101011110111001101011001010> in 18s not including memory allocation with probability 0.000001
which was the correct state
